[0708/170114.250:ERROR:process_memory_win.cc(73)] ReadMemory at 0x7ff74fd20000 of 64 bytes failed: Only part of a ReadProcessMemory or WriteProcessMemory request was completed. (0x12B)
[0708/170114.251:WARNING:pe_image_reader.cc(340)] could not read dos header from C:\Program Files (x86)\Google\Chrome\Application\chrome.exe
[0708/170114.251:ERROR:process_memory_win.cc(73)] ReadMemory at 0x7fff57960000 of 64 bytes failed: Only part of a ReadProcessMemory or WriteProcessMemory request was completed. (0x12B)
[0708/170114.251:WARNING:pe_image_reader.cc(340)] could not read dos header from C:\Windows\SYSTEM32\ntdll.dll
[0708/170114.251:ERROR:process_memory_win.cc(73)] ReadMemory at 0x7fff56ce0000 of 64 bytes failed: Only part of a ReadProcessMemory or WriteProcessMemory request was completed. (0x12B)
[0708/170114.253:WARNING:pe_image_reader.cc(340)] could not read dos header from C:\Windows\System32\KERNEL32.DLL
[0708/170114.253:ERROR:process_memory_win.cc(73)] ReadMemory at 0x7fff55470000 of 64 bytes failed: Only part of a ReadProcessMemory or WriteProcessMemory request was completed. (0x12B)
[0708/170114.253:WARNING:pe_image_reader.cc(340)] could not read dos header from C:\Windows\System32\KERNELBASE.dll
[0708/170114.253:ERROR:process_memory_win.cc(73)] ReadMemory at 0x7fff21d10000 of 64 bytes failed: Only part of a ReadProcessMemory or WriteProcessMemory request was completed. (0x12B)
[0708/170114.253:WARNING:pe_image_reader.cc(340)] could not read dos header from C:\Program Files (x86)\Google\Chrome\Application\83.0.4103.116\chrome_elf.dll
[0708/170114.253:ERROR:process_memory_win.cc(73)] ReadMemory at 0x7fff4a360000 of 64 bytes failed: Only part of a ReadProcessMemory or WriteProcessMemory request was completed. (0x12B)
[0708/170114.253:WARNING:pe_image_reader.cc(340)] could not read dos header from C:\Windows\SYSTEM32\VERSION.dll
[0708/170114.253:ERROR:process_memory_win.cc(73)] ReadMemory at 0x7fff55a10000 of 64 bytes failed: Only part of a ReadProcessMemory or WriteProcessMemory request was completed. (0x12B)
[0708/170114.253:WARNING:pe_image_reader.cc(340)] could not read dos header from C:\Windows\System32\msvcrt.dll
[0708/170114.253:ERROR:process_memory_win.cc(73)] ReadMemory at 0x7fff550a0000 of 64 bytes failed: Only part of a ReadProcessMemory or WriteProcessMemory request was completed. (0x12B)
[0708/170114.253:WARNING:pe_image_reader.cc(340)] could not read dos header from C:\Windows\System32\bcryptPrimitives.dll
[0708/170114.253:ERROR:process_memory_win.cc(73)] ReadMemory at 0x7fff55ee0000 of 64 bytes failed: Only part of a ReadProcessMemory or WriteProcessMemory request was completed. (0x12B)
[0708/170114.253:WARNING:pe_image_reader.cc(340)] could not read dos header from C:\Windows\System32\ADVAPI32.dll
[0708/170114.253:ERROR:process_memory_win.cc(73)] ReadMemory at 0x7fff55f90000 of 64 bytes failed: Only part of a ReadProcessMemory or WriteProcessMemory request was completed. (0x12B)
[0708/170114.253:WARNING:pe_image_reader.cc(340)] could not read dos header from C:\Windows\System32\sechost.dll
[0708/170114.253:ERROR:process_memory_win.cc(73)] ReadMemory at 0x7fff57500000 of 64 bytes failed: Only part of a ReadProcessMemory or WriteProcessMemory request was completed. (0x12B)
[0708/170114.253:WARNING:pe_image_reader.cc(340)] could not read dos header from C:\Windows\System32\RPCRT4.dll
[0708/170114.253:ERROR:process_memory_win.cc(73)] ReadMemory at 0x7ffeda680000 of 64 bytes failed: Only part of a ReadProcessMemory or WriteProcessMemory request was completed. (0x12B)
[0708/170114.253:WARNING:pe_image_reader.cc(340)] could not read dos header from C:\Program Files (x86)\Google\Chrome\Application\83.0.4103.116\chrome.dll
[0708/170114.253:ERROR:process_memory_win.cc(73)] ReadMemory at 0x7fff57650000 of 64 bytes failed: Only part of a ReadProcessMemory or WriteProcessMemory request was completed. (0x12B)
[0708/170114.253:WARNING:pe_image_reader.cc(340)] could not read dos header from C:\Windows\System32\WS2_32.dll
[0708/170114.253:ERROR:process_memory_win.cc(73)] ReadMemory at 0x7fff55e10000 of 64 bytes failed: Only part of a ReadProcessMemory or WriteProcessMemory request was completed. (0x12B)
[0708/170114.253:WARNING:pe_image_reader.cc(340)] could not read dos header from C:\Windows\System32\OLEAUT32.dll
[0708/170114.253:ERROR:process_memory_win.cc(73)] ReadMemory at 0x7fff557a0000 of 64 bytes failed: Only part of a ReadProcessMemory or WriteProcessMemory request was completed. (0x12B)
[0708/170114.253:WARNING:pe_image_reader.cc(340)] could not read dos header from C:\Windows\System32\msvcp_win.dll
[0708/170114.253:ERROR:process_memory_win.cc(73)] ReadMemory at 0x7fff55120000 of 64 bytes failed: Only part of a ReadProcessMemory or WriteProcessMemory request was completed. (0x12B)
[0708/170114.253:WARNING:pe_image_reader.cc(340)] could not read dos header from C:\Windows\System32\ucrtbase.dll
[0708/170114.253:ERROR:process_memory_win.cc(73)] ReadMemory at 0x7fff55ab0000 of 64 bytes failed: Only part of a ReadProcessMemory or WriteProcessMemory request was completed. (0x12B)
[0708/170114.253:WARNING:pe_image_reader.cc(340)] could not read dos header from C:\Windows\System32\combase.dll
[0708/170114.254:ERROR:process_memory_win.cc(73)] ReadMemory at 0x7fff55720000 of 64 bytes failed: Only part of a ReadProcessMemory or WriteProcessMemory request was completed. (0x12B)
[0708/170114.254:WARNING:pe_image_reader.cc(340)] could not read dos header from C:\Windows\System32\WINTRUST.dll
[0708/170114.254:ERROR:process_memory_win.cc(73)] ReadMemory at 0x7fff548d0000 of 64 bytes failed: Only part of a ReadProcessMemory or WriteProcessMemory request was completed. (0x12B)
[0708/170114.254:WARNING:pe_image_reader.cc(340)] could not read dos header from C:\Windows\System32\MSASN1.dll
[0708/170114.254:ERROR:process_memory_win.cc(73)] ReadMemory at 0x7fff55220000 of 64 bytes failed: Only part of a ReadProcessMemory or WriteProcessMemory request was completed. (0x12B)
[0708/170114.254:WARNING:pe_image_reader.cc(340)] could not read dos header from C:\Windows\System32\CRYPT32.dll
[0708/170114.254:ERROR:process_memory_win.cc(73)] ReadMemory at 0x7fff53da0000 of 64 bytes failed: Only part of a ReadProcessMemory or WriteProcessMemory request was completed. (0x12B)
[0708/170114.254:WARNING:pe_image_reader.cc(340)] could not read dos header from C:\Windows\SYSTEM32\IPHLPAPI.DLL
[0708/170114.254:ERROR:process_memory_win.cc(73)] ReadMemory at 0x7fff4f940000 of 64 bytes failed: Only part of a ReadProcessMemory or WriteProcessMemory request was completed. (0x12B)
[0708/170114.254:WARNING:pe_image_reader.cc(340)] could not read dos header from C:\Windows\SYSTEM32\WINMM.dll
[0708/170114.254:ERROR:process_memory_win.cc(73)] ReadMemory at 0x7fff3afc0000 of 64 bytes failed: Only part of a ReadProcessMemory or WriteProcessMemory request was completed. (0x12B)
[0708/170114.254:WARNING:pe_image_reader.cc(340)] could not read dos header from C:\Windows\SYSTEM32\Secur32.dll
[0708/170114.254:ERROR:process_memory_win.cc(73)] ReadMemory at 0x7fff54740000 of 64 bytes failed: Only part of a ReadProcessMemory or WriteProcessMemory request was completed. (0x12B)
[0708/170114.254:WARNING:pe_image_reader.cc(340)] could not read dos header from C:\Windows\SYSTEM32\USERENV.dll
[0708/170114.254:ERROR:process_memory_win.cc(73)] ReadMemory at 0x7fff548a0000 of 64 bytes failed: Only part of a ReadProcessMemory or WriteProcessMemory request was completed. (0x12B)
[0708/170114.254:WARNING:pe_image_reader.cc(340)] could not read dos header from C:\Windows\System32\profapi.dll
[0708/170114.254:ERROR:process_memory_win.cc(73)] ReadMemory at 0x7fff2df80000 of 64 bytes failed: Only part of a ReadProcessMemory or WriteProcessMemory request was completed. (0x12B)
[0708/170114.254:WARNING:pe_image_reader.cc(340)] could not read dos header from C:\Windows\SYSTEM32\UIAutomationCore.DLL
[0708/170114.254:ERROR:process_memory_win.cc(73)] ReadMemory at 0x7fff3f8b0000 of 64 bytes failed: Only part of a ReadProcessMemory or WriteProcessMemory request was completed. (0x12B)
[0708/170114.254:WARNING:pe_image_reader.cc(340)] could not read dos header from C:\Windows\SYSTEM32\DWrite.dll
[0708/170114.254:ERROR:process_memory_win.cc(73)] ReadMemory at 0x7fff44360000 of 64 bytes failed: Only part of a ReadProcessMemory or WriteProcessMemory request was completed. (0x12B)
[0708/170114.254:WARNING:pe_image_reader.cc(340)] could not read dos header from C:\Windows\SYSTEM32\WINSPOOL.DRV
[0708/170114.254:ERROR:process_memory_win.cc(73)] ReadMemory at 0x7fff54880000 of 64 bytes failed: Only part of a ReadProcessMemory or WriteProcessMemory request was completed. (0x12B)
[0708/170114.254:WARNING:pe_image_reader.cc(340)] could not read dos header from C:\Windows\System32\kernel.appcore.dll
[0708/170114.254:ERROR:process_memory_win.cc(73)] ReadMemory at 0x7fff55840000 of 64 bytes failed: Only part of a ReadProcessMemory or WriteProcessMemory request was completed. (0x12B)
[0708/170114.254:WARNING:pe_image_reader.cc(340)] could not read dos header from C:\Windows\System32\bcrypt.dll
[0708/170114.254:ERROR:process_memory_win.cc(73)] ReadMemory at 0x7fff530f0000 of 64 bytes failed: Only part of a ReadProcessMemory or WriteProcessMemory request was completed. (0x12B)
[0708/170114.254:WARNING:pe_image_reader.cc(340)] could not read dos header from C:\Windows\SYSTEM32\dbghelp.dll
[0708/170114.254:ERROR:process_memory_win.cc(73)] ReadMemory at 0x7fff4b0b0000 of 64 bytes failed: Only part of a ReadProcessMemory or WriteProcessMemory request was completed. (0x12B)
[0708/170114.254:WARNING:pe_image_reader.cc(340)] could not read dos header from C:\Windows\SYSTEM32\WINHTTP.dll
[0708/170114.254:ERROR:process_memory_win.cc(73)] ReadMemory at 0x7fff4d180000 of 64 bytes failed: Only part of a ReadProcessMemory or WriteProcessMemory request was completed. (0x12B)
[0708/170114.254:WARNING:pe_image_reader.cc(340)] could not read dos header from C:\Windows\SYSTEM32\dhcpcsvc.DLL
[0708/170114.254:ERROR:process_memory_win.cc(73)] ReadMemory at 0x7fff56cd0000 of 64 bytes failed: Only part of a ReadProcessMemory or WriteProcessMemory request was completed. (0x12B)
[0708/170114.254:WARNING:pe_image_reader.cc(340)] could not read dos header from C:\Windows\System32\NSI.dll
[0708/170114.254:ERROR:process_memory_win.cc(73)] ReadMemory at 0x7fff4f910000 of 64 bytes failed: Only part of a ReadProcessMemory or WriteProcessMemory request was completed. (0x12B)
[0708/170114.255:WARNING:pe_image_reader.cc(340)] could not read dos header from C:\Windows\SYSTEM32\WINMMBASE.dll
[0708/170114.255:ERROR:process_memory_win.cc(73)] ReadMemory at 0x7fff55370000 of 64 bytes failed: Only part of a ReadProcessMemory or WriteProcessMemory request was completed. (0x12B)
[0708/170114.255:WARNING:pe_image_reader.cc(340)] could not read dos header from C:\Windows\System32\cfgmgr32.dll
[0708/170114.255:ERROR:process_memory_win.cc(73)] ReadMemory at 0x7fff523e0000 of 64 bytes failed: Only part of a ReadProcessMemory or WriteProcessMemory request was completed. (0x12B)
[0708/170114.255:WARNING:pe_image_reader.cc(340)] could not read dos header from C:\Windows\SYSTEM32\PROPSYS.dll
[0708/170114.255:ERROR:process_memory_win.cc(73)] ReadMemory at 0x7fff56ae0000 of 64 bytes failed: Only part of a ReadProcessMemory or WriteProcessMemory request was completed. (0x12B)
[0708/170114.255:WARNING:pe_image_reader.cc(340)] could not read dos header from C:\Windows\System32\shcore.dll
[0708/170114.255:ERROR:process_memory_win.cc(73)] ReadMemory at 0x7fff54710000 of 64 bytes failed: Only part of a ReadProcessMemory or WriteProcessMemory request was completed. (0x12B)
[0708/170114.255:WARNING:pe_image_reader.cc(340)] could not read dos header from C:\Windows\SYSTEM32\SSPICLI.DLL
[0708/170114.255:ERROR:process_memory_win.cc(73)] ReadMemory at 0x7fff56db0000 of 64 bytes failed: Only part of a ReadProcessMemory or WriteProcessMemory request was completed. (0x12B)
[0708/170114.255:WARNING:pe_image_reader.cc(340)] could not read dos header from C:\Windows\System32\SHELL32.dll
[0708/170114.255:ERROR:process_memory_win.cc(73)] ReadMemory at 0x7fff548f0000 of 64 bytes failed: Only part of a ReadProcessMemory or WriteProcessMemory request was completed. (0x12B)
[0708/170114.255:WARNING:pe_image_reader.cc(340)] could not read dos header from C:\Windows\System32\windows.storage.dll
[0708/170114.255:ERROR:process_memory_win.cc(73)] ReadMemory at 0x7fff54830000 of 64 bytes failed: Only part of a ReadProcessMemory or WriteProcessMemory request was completed. (0x12B)
[0708/170114.255:WARNING:pe_image_reader.cc(340)] could not read dos header from C:\Windows\System32\powrprof.dll
[0708/170114.255:ERROR:process_memory_win.cc(73)] ReadMemory at 0x7fff54820000 of 64 bytes failed: Only part of a ReadProcessMemory or WriteProcessMemory request was completed. (0x12B)
[0708/170114.255:WARNING:pe_image_reader.cc(340)] could not read dos header from C:\Windows\System32\UMPDC.dll
[0708/170114.255:ERROR:process_memory_win.cc(73)] ReadMemory at 0x7fff574a0000 of 64 bytes failed: Only part of a ReadProcessMemory or WriteProcessMemory request was completed. (0x12B)
[0708/170114.255:WARNING:pe_image_reader.cc(340)] could not read dos header from C:\Windows\System32\shlwapi.dll
[0708/170114.255:ERROR:process_memory_win.cc(73)] ReadMemory at 0x7fff56ab0000 of 64 bytes failed: Only part of a ReadProcessMemory or WriteProcessMemory request was completed. (0x12B)
[0708/170114.255:WARNING:pe_image_reader.cc(340)] could not read dos header from C:\Windows\System32\GDI32.dll
[0708/170114.255:ERROR:process_memory_win.cc(73)] ReadMemory at 0x7fff55070000 of 64 bytes failed: Only part of a ReadProcessMemory or WriteProcessMemory request was completed. (0x12B)
[0708/170114.255:WARNING:pe_image_reader.cc(340)] could not read dos header from C:\Windows\System32\win32u.dll
[0708/170114.255:ERROR:process_memory_win.cc(73)] ReadMemory at 0x7fff55870000 of 64 bytes failed: Only part of a ReadProcessMemory or WriteProcessMemory request was completed. (0x12B)
[0708/170114.255:WARNING:pe_image_reader.cc(340)] could not read dos header from C:\Windows\System32\gdi32full.dll
[0708/170114.255:ERROR:process_memory_win.cc(73)] ReadMemory at 0x7fff563d0000 of 64 bytes failed: Only part of a ReadProcessMemory or WriteProcessMemory request was completed. (0x12B)
[0708/170114.255:WARNING:pe_image_reader.cc(340)] could not read dos header from C:\Windows\System32\USER32.dll
[0708/170114.255:ERROR:process_memory_win.cc(73)] ReadMemory at 0x7fff55780000 of 64 bytes failed: Only part of a ReadProcessMemory or WriteProcessMemory request was completed. (0x12B)
[0708/170114.255:WARNING:pe_image_reader.cc(340)] could not read dos header from C:\Windows\System32\cryptsp.dll
[0708/170114.255:ERROR:process_memory_win.cc(73)] ReadMemory at 0x7fff57620000 of 64 bytes failed: Only part of a ReadProcessMemory or WriteProcessMemory request was completed. (0x12B)
[0708/170114.255:WARNING:pe_image_reader.cc(340)] could not read dos header from C:\Windows\System32\IMM32.DLL
[0708/170114.255:ERROR:process_memory_win.cc(73)] ReadMemory at 0x7fff54260000 of 64 bytes failed: Only part of a ReadProcessMemory or WriteProcessMemory request was completed. (0x12B)
[0708/170114.255:WARNING:pe_image_reader.cc(340)] could not read dos header from C:\Windows\SYSTEM32\CRYPTBASE.DLL
[0708/170114.259:ERROR:process_memory_win.cc(73)] ReadMemory at 0x7ff74fd20000 of 64 bytes failed: Only part of a ReadProcessMemory or WriteProcessMemory request was completed. (0x12B)
[0708/170114.259:WARNING:pe_image_reader.cc(340)] could not read dos header from C:\Program Files (x86)\Google\Chrome\Application\chrome.exe
[0708/170114.259:ERROR:process_memory_win.cc(73)] ReadMemory at 0x7fff57960000 of 64 bytes failed: Only part of a ReadProcessMemory or WriteProcessMemory request was completed. (0x12B)
[0708/170114.259:WARNING:pe_image_reader.cc(340)] could not read dos header from C:\Windows\SYSTEM32\ntdll.dll
[0708/170114.259:ERROR:process_memory_win.cc(73)] ReadMemory at 0x7fff56ce0000 of 64 bytes failed: Only part of a ReadProcessMemory or WriteProcessMemory request was completed. (0x12B)
[0708/170114.259:WARNING:pe_image_reader.cc(340)] could not read dos header from C:\Windows\System32\KERNEL32.DLL
[0708/170114.259:ERROR:process_memory_win.cc(73)] ReadMemory at 0x7fff55470000 of 64 bytes failed: Only part of a ReadProcessMemory or WriteProcessMemory request was completed. (0x12B)
[0708/170114.259:WARNING:pe_image_reader.cc(340)] could not read dos header from C:\Windows\System32\KERNELBASE.dll
[0708/170114.259:ERROR:process_memory_win.cc(73)] ReadMemory at 0x7fff21d10000 of 64 bytes failed: Only part of a ReadProcessMemory or WriteProcessMemory request was completed. (0x12B)
[0708/170114.259:WARNING:pe_image_reader.cc(340)] could not read dos header from C:\Program Files (x86)\Google\Chrome\Application\83.0.4103.116\chrome_elf.dll
[0708/170114.259:ERROR:process_memory_win.cc(73)] ReadMemory at 0x7fff4a360000 of 64 bytes failed: Only part of a ReadProcessMemory or WriteProcessMemory request was completed. (0x12B)
[0708/170114.259:WARNING:pe_image_reader.cc(340)] could not read dos header from C:\Windows\SYSTEM32\VERSION.dll
[0708/170114.259:ERROR:process_memory_win.cc(73)] ReadMemory at 0x7fff55a10000 of 64 bytes failed: Only part of a ReadProcessMemory or WriteProcessMemory request was completed. (0x12B)
[0708/170114.259:WARNING:pe_image_reader.cc(340)] could not read dos header from C:\Windows\System32\msvcrt.dll
[0708/170114.259:ERROR:process_memory_win.cc(73)] ReadMemory at 0x7fff550a0000 of 64 bytes failed: Only part of a ReadProcessMemory or WriteProcessMemory request was completed. (0x12B)
[0708/170114.259:WARNING:pe_image_reader.cc(340)] could not read dos header from C:\Windows\System32\bcryptPrimitives.dll
[0708/170114.259:ERROR:process_memory_win.cc(73)] ReadMemory at 0x7fff55ee0000 of 64 bytes failed: Only part of a ReadProcessMemory or WriteProcessMemory request was completed. (0x12B)
[0708/170114.259:WARNING:pe_image_reader.cc(340)] could not read dos header from C:\Windows\System32\ADVAPI32.dll
[0708/170114.259:ERROR:process_memory_win.cc(73)] ReadMemory at 0x7fff55f90000 of 64 bytes failed: Only part of a ReadProcessMemory or WriteProcessMemory request was completed. (0x12B)
[0708/170114.259:WARNING:pe_image_reader.cc(340)] could not read dos header from C:\Windows\System32\sechost.dll
[0708/170114.259:ERROR:process_memory_win.cc(73)] ReadMemory at 0x7fff57500000 of 64 bytes failed: Only part of a ReadProcessMemory or WriteProcessMemory request was completed. (0x12B)
[0708/170114.259:WARNING:pe_image_reader.cc(340)] could not read dos header from C:\Windows\System32\RPCRT4.dll
[0708/170114.259:ERROR:process_memory_win.cc(73)] ReadMemory at 0x7ffeda680000 of 64 bytes failed: Only part of a ReadProcessMemory or WriteProcessMemory request was completed. (0x12B)
[0708/170114.259:WARNING:pe_image_reader.cc(340)] could not read dos header from C:\Program Files (x86)\Google\Chrome\Application\83.0.4103.116\chrome.dll
[0708/170114.259:ERROR:process_memory_win.cc(73)] ReadMemory at 0x7fff57650000 of 64 bytes failed: Only part of a ReadProcessMemory or WriteProcessMemory request was completed. (0x12B)
[0708/170114.259:WARNING:pe_image_reader.cc(340)] could not read dos header from C:\Windows\System32\WS2_32.dll
[0708/170114.260:ERROR:process_memory_win.cc(73)] ReadMemory at 0x7fff55e10000 of 64 bytes failed: Only part of a ReadProcessMemory or WriteProcessMemory request was completed. (0x12B)
[0708/170114.260:WARNING:pe_image_reader.cc(340)] could not read dos header from C:\Windows\System32\OLEAUT32.dll
[0708/170114.260:ERROR:process_memory_win.cc(73)] ReadMemory at 0x7fff557a0000 of 64 bytes failed: Only part of a ReadProcessMemory or WriteProcessMemory request was completed. (0x12B)
[0708/170114.260:WARNING:pe_image_reader.cc(340)] could not read dos header from C:\Windows\System32\msvcp_win.dll
[0708/170114.260:ERROR:process_memory_win.cc(73)] ReadMemory at 0x7fff55120000 of 64 bytes failed: Only part of a ReadProcessMemory or WriteProcessMemory request was completed. (0x12B)
[0708/170114.260:WARNING:pe_image_reader.cc(340)] could not read dos header from C:\Windows\System32\ucrtbase.dll
[0708/170114.260:ERROR:process_memory_win.cc(73)] ReadMemory at 0x7fff55ab0000 of 64 bytes failed: Only part of a ReadProcessMemory or WriteProcessMemory request was completed. (0x12B)
[0708/170114.260:WARNING:pe_image_reader.cc(340)] could not read dos header from C:\Windows\System32\combase.dll
[0708/170114.260:ERROR:process_memory_win.cc(73)] ReadMemory at 0x7fff55720000 of 64 bytes failed: Only part of a ReadProcessMemory or WriteProcessMemory request was completed. (0x12B)
[0708/170114.260:WARNING:pe_image_reader.cc(340)] could not read dos header from C:\Windows\System32\WINTRUST.dll
[0708/170114.260:ERROR:process_memory_win.cc(73)] ReadMemory at 0x7fff548d0000 of 64 bytes failed: Only part of a ReadProcessMemory or WriteProcessMemory request was completed. (0x12B)
[0708/170114.260:WARNING:pe_image_reader.cc(340)] could not read dos header from C:\Windows\System32\MSASN1.dll
[0708/170114.260:ERROR:process_memory_win.cc(73)] ReadMemory at 0x7fff55220000 of 64 bytes failed: Only part of a ReadProcessMemory or WriteProcessMemory request was completed. (0x12B)
[0708/170114.260:WARNING:pe_image_reader.cc(340)] could not read dos header from C:\Windows\System32\CRYPT32.dll
[0708/170114.260:ERROR:process_memory_win.cc(73)] ReadMemory at 0x7fff53da0000 of 64 bytes failed: Only part of a ReadProcessMemory or WriteProcessMemory request was completed. (0x12B)
[0708/170114.260:WARNING:pe_image_reader.cc(340)] could not read dos header from C:\Windows\SYSTEM32\IPHLPAPI.DLL
[0708/170114.260:ERROR:process_memory_win.cc(73)] ReadMemory at 0x7fff4f940000 of 64 bytes failed: Only part of a ReadProcessMemory or WriteProcessMemory request was completed. (0x12B)
[0708/170114.260:WARNING:pe_image_reader.cc(340)] could not read dos header from C:\Windows\SYSTEM32\WINMM.dll
[0708/170114.260:ERROR:process_memory_win.cc(73)] ReadMemory at 0x7fff3afc0000 of 64 bytes failed: Only part of a ReadProcessMemory or WriteProcessMemory request was completed. (0x12B)
[0708/170114.260:WARNING:pe_image_reader.cc(340)] could not read dos header from C:\Windows\SYSTEM32\Secur32.dll
[0708/170114.260:ERROR:process_memory_win.cc(73)] ReadMemory at 0x7fff54740000 of 64 bytes failed: Only part of a ReadProcessMemory or WriteProcessMemory request was completed. (0x12B)
[0708/170114.260:WARNING:pe_image_reader.cc(340)] could not read dos header from C:\Windows\SYSTEM32\USERENV.dll
[0708/170114.260:ERROR:process_memory_win.cc(73)] ReadMemory at 0x7fff548a0000 of 64 bytes failed: Only part of a ReadProcessMemory or WriteProcessMemory request was completed. (0x12B)
[0708/170114.260:WARNING:pe_image_reader.cc(340)] could not read dos header from C:\Windows\System32\profapi.dll
[0708/170114.260:ERROR:process_memory_win.cc(73)] ReadMemory at 0x7fff2df80000 of 64 bytes failed: Only part of a ReadProcessMemory or WriteProcessMemory request was completed. (0x12B)
[0708/170114.260:WARNING:pe_image_reader.cc(340)] could not read dos header from C:\Windows\SYSTEM32\UIAutomationCore.DLL
[0708/170114.260:ERROR:process_memory_win.cc(73)] ReadMemory at 0x7fff3f8b0000 of 64 bytes failed: Only part of a ReadProcessMemory or WriteProcessMemory request was completed. (0x12B)
[0708/170114.260:WARNING:pe_image_reader.cc(340)] could not read dos header from C:\Windows\SYSTEM32\DWrite.dll
[0708/170114.260:ERROR:process_memory_win.cc(73)] ReadMemory at 0x7fff44360000 of 64 bytes failed: Only part of a ReadProcessMemory or WriteProcessMemory request was completed. (0x12B)
[0708/170114.260:WARNING:pe_image_reader.cc(340)] could not read dos header from C:\Windows\SYSTEM32\WINSPOOL.DRV
[0708/170114.261:ERROR:process_memory_win.cc(73)] ReadMemory at 0x7fff54880000 of 64 bytes failed: Only part of a ReadProcessMemory or WriteProcessMemory request was completed. (0x12B)
[0708/170114.261:WARNING:pe_image_reader.cc(340)] could not read dos header from C:\Windows\System32\kernel.appcore.dll
[0708/170114.261:ERROR:process_memory_win.cc(73)] ReadMemory at 0x7fff55840000 of 64 bytes failed: Only part of a ReadProcessMemory or WriteProcessMemory request was completed. (0x12B)
[0708/170114.261:WARNING:pe_image_reader.cc(340)] could not read dos header from C:\Windows\System32\bcrypt.dll
[0708/170114.261:ERROR:process_memory_win.cc(73)] ReadMemory at 0x7fff530f0000 of 64 bytes failed: Only part of a ReadProcessMemory or WriteProcessMemory request was completed. (0x12B)
[0708/170114.261:WARNING:pe_image_reader.cc(340)] could not read dos header from C:\Windows\SYSTEM32\dbghelp.dll
[0708/170114.261:ERROR:process_memory_win.cc(73)] ReadMemory at 0x7fff4b0b0000 of 64 bytes failed: Only part of a ReadProcessMemory or WriteProcessMemory request was completed. (0x12B)
[0708/170114.261:WARNING:pe_image_reader.cc(340)] could not read dos header from C:\Windows\SYSTEM32\WINHTTP.dll
[0708/170114.261:ERROR:process_memory_win.cc(73)] ReadMemory at 0x7fff4d180000 of 64 bytes failed: Only part of a ReadProcessMemory or WriteProcessMemory request was completed. (0x12B)
[0708/170114.261:WARNING:pe_image_reader.cc(340)] could not read dos header from C:\Windows\SYSTEM32\dhcpcsvc.DLL
[0708/170114.261:ERROR:process_memory_win.cc(73)] ReadMemory at 0x7fff56cd0000 of 64 bytes failed: Only part of a ReadProcessMemory or WriteProcessMemory request was completed. (0x12B)
[0708/170114.261:WARNING:pe_image_reader.cc(340)] could not read dos header from C:\Windows\System32\NSI.dll
[0708/170114.261:ERROR:process_memory_win.cc(73)] ReadMemory at 0x7fff4f910000 of 64 bytes failed: Only part of a ReadProcessMemory or WriteProcessMemory request was completed. (0x12B)
[0708/170114.261:WARNING:pe_image_reader.cc(340)] could not read dos header from C:\Windows\SYSTEM32\WINMMBASE.dll
[0708/170114.261:ERROR:process_memory_win.cc(73)] ReadMemory at 0x7fff55370000 of 64 bytes failed: Only part of a ReadProcessMemory or WriteProcessMemory request was completed. (0x12B)
[0708/170114.261:WARNING:pe_image_reader.cc(340)] could not read dos header from C:\Windows\System32\cfgmgr32.dll
[0708/170114.261:ERROR:process_memory_win.cc(73)] ReadMemory at 0x7fff523e0000 of 64 bytes failed: Only part of a ReadProcessMemory or WriteProcessMemory request was completed. (0x12B)
[0708/170114.261:WARNING:pe_image_reader.cc(340)] could not read dos header from C:\Windows\SYSTEM32\PROPSYS.dll
[0708/170114.261:ERROR:process_memory_win.cc(73)] ReadMemory at 0x7fff56ae0000 of 64 bytes failed: Only part of a ReadProcessMemory or WriteProcessMemory request was completed. (0x12B)
[0708/170114.261:WARNING:pe_image_reader.cc(340)] could not read dos header from C:\Windows\System32\shcore.dll
[0708/170114.261:ERROR:process_memory_win.cc(73)] ReadMemory at 0x7fff54710000 of 64 bytes failed: Only part of a ReadProcessMemory or WriteProcessMemory request was completed. (0x12B)
[0708/170114.261:WARNING:pe_image_reader.cc(340)] could not read dos header from C:\Windows\SYSTEM32\SSPICLI.DLL
[0708/170114.261:ERROR:process_memory_win.cc(73)] ReadMemory at 0x7fff56db0000 of 64 bytes failed: Only part of a ReadProcessMemory or WriteProcessMemory request was completed. (0x12B)
[0708/170114.261:WARNING:pe_image_reader.cc(340)] could not read dos header from C:\Windows\System32\SHELL32.dll
[0708/170114.261:ERROR:process_memory_win.cc(73)] ReadMemory at 0x7fff548f0000 of 64 bytes failed: Only part of a ReadProcessMemory or WriteProcessMemory request was completed. (0x12B)
[0708/170114.261:WARNING:pe_image_reader.cc(340)] could not read dos header from C:\Windows\System32\windows.storage.dll
[0708/170114.261:ERROR:process_memory_win.cc(73)] ReadMemory at 0x7fff54830000 of 64 bytes failed: Only part of a ReadProcessMemory or WriteProcessMemory request was completed. (0x12B)
[0708/170114.261:WARNING:pe_image_reader.cc(340)] could not read dos header from C:\Windows\System32\powrprof.dll
[0708/170114.261:ERROR:process_memory_win.cc(73)] ReadMemory at 0x7fff54820000 of 64 bytes failed: Only part of a ReadProcessMemory or WriteProcessMemory request was completed. (0x12B)
[0708/170114.261:WARNING:pe_image_reader.cc(340)] could not read dos header from C:\Windows\System32\UMPDC.dll
[0708/170114.261:ERROR:process_memory_win.cc(73)] ReadMemory at 0x7fff574a0000 of 64 bytes failed: Only part of a ReadProcessMemory or WriteProcessMemory request was completed. (0x12B)
[0708/170114.261:WARNING:pe_image_reader.cc(340)] could not read dos header from C:\Windows\System32\shlwapi.dll
[0708/170114.261:ERROR:process_memory_win.cc(73)] ReadMemory at 0x7fff56ab0000 of 64 bytes failed: Only part of a ReadProcessMemory or WriteProcessMemory request was completed. (0x12B)
[0708/170114.261:WARNING:pe_image_reader.cc(340)] could not read dos header from C:\Windows\System32\GDI32.dll
[0708/170114.261:ERROR:process_memory_win.cc(73)] ReadMemory at 0x7fff55070000 of 64 bytes failed: Only part of a ReadProcessMemory or WriteProcessMemory request was completed. (0x12B)
[0708/170114.262:WARNING:pe_image_reader.cc(340)] could not read dos header from C:\Windows\System32\win32u.dll
[0708/170114.262:ERROR:process_memory_win.cc(73)] ReadMemory at 0x7fff55870000 of 64 bytes failed: Only part of a ReadProcessMemory or WriteProcessMemory request was completed. (0x12B)
[0708/170114.262:WARNING:pe_image_reader.cc(340)] could not read dos header from C:\Windows\System32\gdi32full.dll
[0708/170114.262:ERROR:process_memory_win.cc(73)] ReadMemory at 0x7fff563d0000 of 64 bytes failed: Only part of a ReadProcessMemory or WriteProcessMemory request was completed. (0x12B)
[0708/170114.262:WARNING:pe_image_reader.cc(340)] could not read dos header from C:\Windows\System32\USER32.dll
[0708/170114.262:ERROR:process_memory_win.cc(73)] ReadMemory at 0x7fff55780000 of 64 bytes failed: Only part of a ReadProcessMemory or WriteProcessMemory request was completed. (0x12B)
[0708/170114.262:WARNING:pe_image_reader.cc(340)] could not read dos header from C:\Windows\System32\cryptsp.dll
[0708/170114.262:ERROR:process_memory_win.cc(73)] ReadMemory at 0x7fff57620000 of 64 bytes failed: Only part of a ReadProcessMemory or WriteProcessMemory request was completed. (0x12B)
[0708/170114.262:WARNING:pe_image_reader.cc(340)] could not read dos header from C:\Windows\System32\IMM32.DLL
[0708/170114.262:ERROR:process_memory_win.cc(73)] ReadMemory at 0x7fff54260000 of 64 bytes failed: Only part of a ReadProcessMemory or WriteProcessMemory request was completed. (0x12B)
[0708/170114.262:WARNING:pe_image_reader.cc(340)] could not read dos header from C:\Windows\SYSTEM32\CRYPTBASE.DLL
[0708/170114.262:ERROR:process_memory_win.cc(73)] ReadMemory at 0x7ff74fd20000 of 64 bytes failed: Only part of a ReadProcessMemory or WriteProcessMemory request was completed. (0x12B)
[0708/170114.262:WARNING:pe_image_reader.cc(340)] could not read dos header from C:\Program Files (x86)\Google\Chrome\Application\chrome.exe
[0708/170114.262:ERROR:process_memory_win.cc(73)] ReadMemory at 0x7fff57960000 of 64 bytes failed: Only part of a ReadProcessMemory or WriteProcessMemory request was completed. (0x12B)
[0708/170114.262:WARNING:pe_image_reader.cc(340)] could not read dos header from C:\Windows\SYSTEM32\ntdll.dll
[0708/170114.262:ERROR:process_memory_win.cc(73)] ReadMemory at 0x7fff56ce0000 of 64 bytes failed: Only part of a ReadProcessMemory or WriteProcessMemory request was completed. (0x12B)
[0708/170114.262:WARNING:pe_image_reader.cc(340)] could not read dos header from C:\Windows\System32\KERNEL32.DLL
[0708/170114.262:ERROR:process_memory_win.cc(73)] ReadMemory at 0x7fff55470000 of 64 bytes failed: Only part of a ReadProcessMemory or WriteProcessMemory request was completed. (0x12B)
[0708/170114.262:WARNING:pe_image_reader.cc(340)] could not read dos header from C:\Windows\System32\KERNELBASE.dll
[0708/170114.262:ERROR:process_memory_win.cc(73)] ReadMemory at 0x7fff21d10000 of 64 bytes failed: Only part of a ReadProcessMemory or WriteProcessMemory request was completed. (0x12B)
[0708/170114.262:WARNING:pe_image_reader.cc(340)] could not read dos header from C:\Program Files (x86)\Google\Chrome\Application\83.0.4103.116\chrome_elf.dll
[0708/170114.262:ERROR:process_memory_win.cc(73)] ReadMemory at 0x7fff4a360000 of 64 bytes failed: Only part of a ReadProcessMemory or WriteProcessMemory request was completed. (0x12B)
[0708/170114.262:WARNING:pe_image_reader.cc(340)] could not read dos header from C:\Windows\SYSTEM32\VERSION.dll
[0708/170114.262:ERROR:process_memory_win.cc(73)] ReadMemory at 0x7fff55a10000 of 64 bytes failed: Only part of a ReadProcessMemory or WriteProcessMemory request was completed. (0x12B)
[0708/170114.262:WARNING:pe_image_reader.cc(340)] could not read dos header from C:\Windows\System32\msvcrt.dll
[0708/170114.262:ERROR:process_memory_win.cc(73)] ReadMemory at 0x7fff550a0000 of 64 bytes failed: Only part of a ReadProcessMemory or WriteProcessMemory request was completed. (0x12B)
[0708/170114.262:WARNING:pe_image_reader.cc(340)] could not read dos header from C:\Windows\System32\bcryptPrimitives.dll
[0708/170114.262:ERROR:process_memory_win.cc(73)] ReadMemory at 0x7fff55ee0000 of 64 bytes failed: Only part of a ReadProcessMemory or WriteProcessMemory request was completed. (0x12B)
[0708/170114.262:WARNING:pe_image_reader.cc(340)] could not read dos header from C:\Windows\System32\ADVAPI32.dll
[0708/170114.262:ERROR:process_memory_win.cc(73)] ReadMemory at 0x7fff55f90000 of 64 bytes failed: Only part of a ReadProcessMemory or WriteProcessMemory request was completed. (0x12B)
[0708/170114.262:WARNING:pe_image_reader.cc(340)] could not read dos header from C:\Windows\System32\sechost.dll
[0708/170114.262:ERROR:process_memory_win.cc(73)] ReadMemory at 0x7fff57500000 of 64 bytes failed: Only part of a ReadProcessMemory or WriteProcessMemory request was completed. (0x12B)
[0708/170114.262:WARNING:pe_image_reader.cc(340)] could not read dos header from C:\Windows\System32\RPCRT4.dll
[0708/170114.262:ERROR:process_memory_win.cc(73)] ReadMemory at 0x7ffeda680000 of 64 bytes failed: Only part of a ReadProcessMemory or WriteProcessMemory request was completed. (0x12B)
[0708/170114.262:WARNING:pe_image_reader.cc(340)] could not read dos header from C:\Program Files (x86)\Google\Chrome\Application\83.0.4103.116\chrome.dll
[0708/170114.263:ERROR:process_memory_win.cc(73)] ReadMemory at 0x7fff57650000 of 64 bytes failed: Only part of a ReadProcessMemory or WriteProcessMemory request was completed. (0x12B)
[0708/170114.263:WARNING:pe_image_reader.cc(340)] could not read dos header from C:\Windows\System32\WS2_32.dll
[0708/170114.263:ERROR:process_memory_win.cc(73)] ReadMemory at 0x7fff55e10000 of 64 bytes failed: Only part of a ReadProcessMemory or WriteProcessMemory request was completed. (0x12B)
[0708/170114.263:WARNING:pe_image_reader.cc(340)] could not read dos header from C:\Windows\System32\OLEAUT32.dll
[0708/170114.263:ERROR:process_memory_win.cc(73)] ReadMemory at 0x7fff557a0000 of 64 bytes failed: Only part of a ReadProcessMemory or WriteProcessMemory request was completed. (0x12B)
[0708/170114.263:WARNING:pe_image_reader.cc(340)] could not read dos header from C:\Windows\System32\msvcp_win.dll
[0708/170114.263:ERROR:process_memory_win.cc(73)] ReadMemory at 0x7fff55120000 of 64 bytes failed: Only part of a ReadProcessMemory or WriteProcessMemory request was completed. (0x12B)
[0708/170114.263:WARNING:pe_image_reader.cc(340)] could not read dos header from C:\Windows\System32\ucrtbase.dll
[0708/170114.263:ERROR:process_memory_win.cc(73)] ReadMemory at 0x7fff55ab0000 of 64 bytes failed: Only part of a ReadProcessMemory or WriteProcessMemory request was completed. (0x12B)
[0708/170114.263:WARNING:pe_image_reader.cc(340)] could not read dos header from C:\Windows\System32\combase.dll
[0708/170114.263:ERROR:process_memory_win.cc(73)] ReadMemory at 0x7fff55720000 of 64 bytes failed: Only part of a ReadProcessMemory or WriteProcessMemory request was completed. (0x12B)
[0708/170114.263:WARNING:pe_image_reader.cc(340)] could not read dos header from C:\Windows\System32\WINTRUST.dll
[0708/170114.263:ERROR:process_memory_win.cc(73)] ReadMemory at 0x7fff548d0000 of 64 bytes failed: Only part of a ReadProcessMemory or WriteProcessMemory request was completed. (0x12B)
[0708/170114.263:WARNING:pe_image_reader.cc(340)] could not read dos header from C:\Windows\System32\MSASN1.dll
[0708/170114.263:ERROR:process_memory_win.cc(73)] ReadMemory at 0x7fff55220000 of 64 bytes failed: Only part of a ReadProcessMemory or WriteProcessMemory request was completed. (0x12B)
[0708/170114.263:WARNING:pe_image_reader.cc(340)] could not read dos header from C:\Windows\System32\CRYPT32.dll
[0708/170114.263:ERROR:process_memory_win.cc(73)] ReadMemory at 0x7fff53da0000 of 64 bytes failed: Only part of a ReadProcessMemory or WriteProcessMemory request was completed. (0x12B)
[0708/170114.263:WARNING:pe_image_reader.cc(340)] could not read dos header from C:\Windows\SYSTEM32\IPHLPAPI.DLL
[0708/170114.263:ERROR:process_memory_win.cc(73)] ReadMemory at 0x7fff4f940000 of 64 bytes failed: Only part of a ReadProcessMemory or WriteProcessMemory request was completed. (0x12B)
[0708/170114.263:WARNING:pe_image_reader.cc(340)] could not read dos header from C:\Windows\SYSTEM32\WINMM.dll
[0708/170114.263:ERROR:process_memory_win.cc(73)] ReadMemory at 0x7fff3afc0000 of 64 bytes failed: Only part of a ReadProcessMemory or WriteProcessMemory request was completed. (0x12B)
[0708/170114.263:WARNING:pe_image_reader.cc(340)] could not read dos header from C:\Windows\SYSTEM32\Secur32.dll
[0708/170114.263:ERROR:process_memory_win.cc(73)] ReadMemory at 0x7fff54740000 of 64 bytes failed: Only part of a ReadProcessMemory or WriteProcessMemory request was completed. (0x12B)
[0708/170114.263:WARNING:pe_image_reader.cc(340)] could not read dos header from C:\Windows\SYSTEM32\USERENV.dll
[0708/170114.263:ERROR:process_memory_win.cc(73)] ReadMemory at 0x7fff548a0000 of 64 bytes failed: Only part of a ReadProcessMemory or WriteProcessMemory request was completed. (0x12B)
[0708/170114.263:WARNING:pe_image_reader.cc(340)] could not read dos header from C:\Windows\System32\profapi.dll
[0708/170114.263:ERROR:process_memory_win.cc(73)] ReadMemory at 0x7fff2df80000 of 64 bytes failed: Only part of a ReadProcessMemory or WriteProcessMemory request was completed. (0x12B)
[0708/170114.263:WARNING:pe_image_reader.cc(340)] could not read dos header from C:\Windows\SYSTEM32\UIAutomationCore.DLL
[0708/170114.263:ERROR:process_memory_win.cc(73)] ReadMemory at 0x7fff3f8b0000 of 64 bytes failed: Only part of a ReadProcessMemory or WriteProcessMemory request was completed. (0x12B)
[0708/170114.263:WARNING:pe_image_reader.cc(340)] could not read dos header from C:\Windows\SYSTEM32\DWrite.dll
[0708/170114.263:ERROR:process_memory_win.cc(73)] ReadMemory at 0x7fff44360000 of 64 bytes failed: Only part of a ReadProcessMemory or WriteProcessMemory request was completed. (0x12B)
[0708/170114.263:WARNING:pe_image_reader.cc(340)] could not read dos header from C:\Windows\SYSTEM32\WINSPOOL.DRV
[0708/170114.263:ERROR:process_memory_win.cc(73)] ReadMemory at 0x7fff54880000 of 64 bytes failed: Only part of a ReadProcessMemory or WriteProcessMemory request was completed. (0x12B)
[0708/170114.263:WARNING:pe_image_reader.cc(340)] could not read dos header from C:\Windows\System32\kernel.appcore.dll
[0708/170114.263:ERROR:process_memory_win.cc(73)] ReadMemory at 0x7fff55840000 of 64 bytes failed: Only part of a ReadProcessMemory or WriteProcessMemory request was completed. (0x12B)
[0708/170114.263:WARNING:pe_image_reader.cc(340)] could not read dos header from C:\Windows\System32\bcrypt.dll
[0708/170114.263:ERROR:process_memory_win.cc(73)] ReadMemory at 0x7fff530f0000 of 64 bytes failed: Only part of a ReadProcessMemory or WriteProcessMemory request was completed. (0x12B)
[0708/170114.263:WARNING:pe_image_reader.cc(340)] could not read dos header from C:\Windows\SYSTEM32\dbghelp.dll
[0708/170114.264:ERROR:process_memory_win.cc(73)] ReadMemory at 0x7fff4b0b0000 of 64 bytes failed: Only part of a ReadProcessMemory or WriteProcessMemory request was completed. (0x12B)
[0708/170114.264:WARNING:pe_image_reader.cc(340)] could not read dos header from C:\Windows\SYSTEM32\WINHTTP.dll
[0708/170114.264:ERROR:process_memory_win.cc(73)] ReadMemory at 0x7fff4d180000 of 64 bytes failed: Only part of a ReadProcessMemory or WriteProcessMemory request was completed. (0x12B)
[0708/170114.264:WARNING:pe_image_reader.cc(340)] could not read dos header from C:\Windows\SYSTEM32\dhcpcsvc.DLL
[0708/170114.264:ERROR:process_memory_win.cc(73)] ReadMemory at 0x7fff56cd0000 of 64 bytes failed: Only part of a ReadProcessMemory or WriteProcessMemory request was completed. (0x12B)
[0708/170114.264:WARNING:pe_image_reader.cc(340)] could not read dos header from C:\Windows\System32\NSI.dll
[0708/170114.264:ERROR:process_memory_win.cc(73)] ReadMemory at 0x7fff4f910000 of 64 bytes failed: Only part of a ReadProcessMemory or WriteProcessMemory request was completed. (0x12B)
[0708/170114.264:WARNING:pe_image_reader.cc(340)] could not read dos header from C:\Windows\SYSTEM32\WINMMBASE.dll
[0708/170114.264:ERROR:process_memory_win.cc(73)] ReadMemory at 0x7fff55370000 of 64 bytes failed: Only part of a ReadProcessMemory or WriteProcessMemory request was completed. (0x12B)
[0708/170114.264:WARNING:pe_image_reader.cc(340)] could not read dos header from C:\Windows\System32\cfgmgr32.dll
[0708/170114.264:ERROR:process_memory_win.cc(73)] ReadMemory at 0x7fff523e0000 of 64 bytes failed: Only part of a ReadProcessMemory or WriteProcessMemory request was completed. (0x12B)
[0708/170114.264:WARNING:pe_image_reader.cc(340)] could not read dos header from C:\Windows\SYSTEM32\PROPSYS.dll
[0708/170114.264:ERROR:process_memory_win.cc(73)] ReadMemory at 0x7fff56ae0000 of 64 bytes failed: Only part of a ReadProcessMemory or WriteProcessMemory request was completed. (0x12B)
[0708/170114.264:WARNING:pe_image_reader.cc(340)] could not read dos header from C:\Windows\System32\shcore.dll
[0708/170114.264:ERROR:process_memory_win.cc(73)] ReadMemory at 0x7fff54710000 of 64 bytes failed: Only part of a ReadProcessMemory or WriteProcessMemory request was completed. (0x12B)
[0708/170114.264:WARNING:pe_image_reader.cc(340)] could not read dos header from C:\Windows\SYSTEM32\SSPICLI.DLL
[0708/170114.264:ERROR:process_memory_win.cc(73)] ReadMemory at 0x7fff56db0000 of 64 bytes failed: Only part of a ReadProcessMemory or WriteProcessMemory request was completed. (0x12B)
[0708/170114.264:WARNING:pe_image_reader.cc(340)] could not read dos header from C:\Windows\System32\SHELL32.dll
[0708/170114.264:ERROR:process_memory_win.cc(73)] ReadMemory at 0x7fff548f0000 of 64 bytes failed: Only part of a ReadProcessMemory or WriteProcessMemory request was completed. (0x12B)
[0708/170114.264:WARNING:pe_image_reader.cc(340)] could not read dos header from C:\Windows\System32\windows.storage.dll
[0708/170114.264:ERROR:process_memory_win.cc(73)] ReadMemory at 0x7fff54830000 of 64 bytes failed: Only part of a ReadProcessMemory or WriteProcessMemory request was completed. (0x12B)
[0708/170114.264:WARNING:pe_image_reader.cc(340)] could not read dos header from C:\Windows\System32\powrprof.dll
[0708/170114.264:ERROR:process_memory_win.cc(73)] ReadMemory at 0x7fff54820000 of 64 bytes failed: Only part of a ReadProcessMemory or WriteProcessMemory request was completed. (0x12B)
[0708/170114.264:WARNING:pe_image_reader.cc(340)] could not read dos header from C:\Windows\System32\UMPDC.dll
[0708/170114.264:ERROR:process_memory_win.cc(73)] ReadMemory at 0x7fff574a0000 of 64 bytes failed: Only part of a ReadProcessMemory or WriteProcessMemory request was completed. (0x12B)
[0708/170114.264:WARNING:pe_image_reader.cc(340)] could not read dos header from C:\Windows\System32\shlwapi.dll
[0708/170114.264:ERROR:process_memory_win.cc(73)] ReadMemory at 0x7fff56ab0000 of 64 bytes failed: Only part of a ReadProcessMemory or WriteProcessMemory request was completed. (0x12B)
[0708/170114.264:WARNING:pe_image_reader.cc(340)] could not read dos header from C:\Windows\System32\GDI32.dll
[0708/170114.264:ERROR:process_memory_win.cc(73)] ReadMemory at 0x7fff55070000 of 64 bytes failed: Only part of a ReadProcessMemory or WriteProcessMemory request was completed. (0x12B)
[0708/170114.264:WARNING:pe_image_reader.cc(340)] could not read dos header from C:\Windows\System32\win32u.dll
[0708/170114.264:ERROR:process_memory_win.cc(73)] ReadMemory at 0x7fff55870000 of 64 bytes failed: Only part of a ReadProcessMemory or WriteProcessMemory request was completed. (0x12B)
[0708/170114.264:WARNING:pe_image_reader.cc(340)] could not read dos header from C:\Windows\System32\gdi32full.dll
[0708/170114.264:ERROR:process_memory_win.cc(73)] ReadMemory at 0x7fff563d0000 of 64 bytes failed: Only part of a ReadProcessMemory or WriteProcessMemory request was completed. (0x12B)
[0708/170114.264:WARNING:pe_image_reader.cc(340)] could not read dos header from C:\Windows\System32\USER32.dll
[0708/170114.264:ERROR:process_memory_win.cc(73)] ReadMemory at 0x7fff55780000 of 64 bytes failed: Only part of a ReadProcessMemory or WriteProcessMemory request was completed. (0x12B)
[0708/170114.264:WARNING:pe_image_reader.cc(340)] could not read dos header from C:\Windows\System32\cryptsp.dll
[0708/170114.264:ERROR:process_memory_win.cc(73)] ReadMemory at 0x7fff57620000 of 64 bytes failed: Only part of a ReadProcessMemory or WriteProcessMemory request was completed. (0x12B)
[0708/170114.264:WARNING:pe_image_reader.cc(340)] could not read dos header from C:\Windows\System32\IMM32.DLL
[0708/170114.264:ERROR:process_memory_win.cc(73)] ReadMemory at 0x7fff54260000 of 64 bytes failed: Only part of a ReadProcessMemory or WriteProcessMemory request was completed. (0x12B)
[0708/170114.265:WARNING:pe_image_reader.cc(340)] could not read dos header from C:\Windows\SYSTEM32\CRYPTBASE.DLL
[0708/170114.282:ERROR:process_memory_win.cc(73)] ReadMemory at 0x1c053e0000 of 131072 bytes failed: Only part of a ReadProcessMemory or WriteProcessMemory request was completed. (0x12B)
[0708/170114.282:ERROR:process_memory_win.cc(73)] ReadMemory at 0x1c05bfd000 of 12288 bytes failed: Only part of a ReadProcessMemory or WriteProcessMemory request was completed. (0x12B)
[0708/170114.283:ERROR:process_memory_win.cc(73)] ReadMemory at 0x1c06bfd000 of 12288 bytes failed: Only part of a ReadProcessMemory or WriteProcessMemory request was completed. (0x12B)
[0708/170114.283:ERROR:process_memory_win.cc(73)] ReadMemory at 0x1c073fc000 of 16384 bytes failed: Only part of a ReadProcessMemory or WriteProcessMemory request was completed. (0x12B)
[0708/170114.283:ERROR:process_memory_win.cc(73)] ReadMemory at 0x1c07bfe000 of 8192 bytes failed: Only part of a ReadProcessMemory or WriteProcessMemory request was completed. (0x12B)
[0708/170114.283:ERROR:process_memory_win.cc(73)] ReadMemory at 0x1c083fd000 of 12288 bytes failed: Only part of a ReadProcessMemory or WriteProcessMemory request was completed. (0x12B)
[0708/170114.283:ERROR:process_memory_win.cc(73)] ReadMemory at 0x1c08bfb000 of 20480 bytes failed: Only part of a ReadProcessMemory or WriteProcessMemory request was completed. (0x12B)
[0708/170114.283:ERROR:process_memory_win.cc(73)] ReadMemory at 0x1c09bfb000 of 20480 bytes failed: Only part of a ReadProcessMemory or WriteProcessMemory request was completed. (0x12B)
[0708/170114.283:ERROR:process_memory_win.cc(73)] ReadMemory at 0x1c0a3f6000 of 40960 bytes failed: Only part of a ReadProcessMemory or WriteProcessMemory request was completed. (0x12B)
[0708/170114.283:ERROR:process_memory_win.cc(73)] ReadMemory at 0x1c0abf7000 of 36864 bytes failed: Only part of a ReadProcessMemory or WriteProcessMemory request was completed. (0x12B)
[0708/170114.283:ERROR:process_memory_win.cc(73)] ReadMemory at 0x1c0b3f5000 of 45056 bytes failed: Only part of a ReadProcessMemory or WriteProcessMemory request was completed. (0x12B)
[0708/170114.283:ERROR:process_memory_win.cc(73)] ReadMemory at 0x1c0bbf6000 of 40960 bytes failed: Only part of a ReadProcessMemory or WriteProcessMemory request was completed. (0x12B)
[0708/170114.283:ERROR:process_memory_win.cc(73)] ReadMemory at 0x1c0c3fb000 of 20480 bytes failed: Only part of a ReadProcessMemory or WriteProcessMemory request was completed. (0x12B)
[0708/170114.283:ERROR:process_memory_win.cc(73)] ReadMemory at 0x1c103fa000 of 24576 bytes failed: Only part of a ReadProcessMemory or WriteProcessMemory request was completed. (0x12B)
[0708/170114.283:ERROR:process_memory_win.cc(73)] ReadMemory at 0x1c063fd000 of 12288 bytes failed: Only part of a ReadProcessMemory or WriteProcessMemory request was completed. (0x12B)
[0708/170114.283:ERROR:process_memory_win.cc(73)] ReadMemory at 0x1c093fc000 of 16384 bytes failed: Only part of a ReadProcessMemory or WriteProcessMemory request was completed. (0x12B)
[0708/170114.284:ERROR:process_memory_win.cc(73)] ReadMemory at 0x1c0f3fc000 of 16384 bytes failed: Only part of a ReadProcessMemory or WriteProcessMemory request was completed. (0x12B)
[0708/170114.284:ERROR:process_memory_win.cc(73)] ReadMemory at 0x1c0cbfd000 of 12288 bytes failed: Only part of a ReadProcessMemory or WriteProcessMemory request was completed. (0x12B)
[0708/170114.284:ERROR:process_memory_win.cc(73)] ReadMemory at 0x1c0d3fc000 of 16384 bytes failed: Only part of a ReadProcessMemory or WriteProcessMemory request was completed. (0x12B)
[0708/170114.284:ERROR:process_memory_win.cc(73)] ReadMemory at 0x1c0dbfd000 of 12288 bytes failed: Only part of a ReadProcessMemory or WriteProcessMemory request was completed. (0x12B)
[0708/170114.284:ERROR:process_memory_win.cc(73)] ReadMemory at 0x1c0e3fc000 of 16384 bytes failed: Only part of a ReadProcessMemory or WriteProcessMemory request was completed. (0x12B)
[0708/170114.284:ERROR:process_memory_win.cc(73)] ReadMemory at 0x1c0fbfc000 of 16384 bytes failed: Only part of a ReadProcessMemory or WriteProcessMemory request was completed. (0x12B)
[0708/170114.284:ERROR:process_memory_win.cc(73)] ReadMemory at 0x1c10bfc000 of 16384 bytes failed: Only part of a ReadProcessMemory or WriteProcessMemory request was completed. (0x12B)
[0708/170114.284:ERROR:process_memory_win.cc(73)] ReadMemory at 0x1c04af0000 of 852 bytes failed: Only part of a ReadProcessMemory or WriteProcessMemory request was completed. (0x12B)
[0708/170114.284:ERROR:process_memory_win.cc(73)] ReadMemory at 0x1c04af1000 of 6024 bytes failed: Only part of a ReadProcessMemory or WriteProcessMemory request was completed. (0x12B)
[0708/170114.284:ERROR:process_memory_win.cc(73)] ReadMemory at 0x1c04af3000 of 6024 bytes failed: Only part of a ReadProcessMemory or WriteProcessMemory request was completed. (0x12B)
[0708/170114.284:ERROR:process_memory_win.cc(73)] ReadMemory at 0x1c04af7000 of 6024 bytes failed: Only part of a ReadProcessMemory or WriteProcessMemory request was completed. (0x12B)
[0708/170114.284:ERROR:process_memory_win.cc(73)] ReadMemory at 0x1c04af9000 of 6024 bytes failed: Only part of a ReadProcessMemory or WriteProcessMemory request was completed. (0x12B)
[0708/170114.284:ERROR:process_memory_win.cc(73)] ReadMemory at 0x1c04afb000 of 6024 bytes failed: Only part of a ReadProcessMemory or WriteProcessMemory request was completed. (0x12B)
[0708/170114.284:ERROR:process_memory_win.cc(73)] ReadMemory at 0x1c04afd000 of 6024 bytes failed: Only part of a ReadProcessMemory or WriteProcessMemory request was completed. (0x12B)
[0708/170114.284:ERROR:process_memory_win.cc(73)] ReadMemory at 0x1c04aff000 of 6024 bytes failed: Only part of a ReadProcessMemory or WriteProcessMemory request was completed. (0x12B)
[0708/170114.284:ERROR:process_memory_win.cc(73)] ReadMemory at 0x1c04b03000 of 6024 bytes failed: Only part of a ReadProcessMemory or WriteProcessMemory request was completed. (0x12B)
[0708/170114.284:ERROR:process_memory_win.cc(73)] ReadMemory at 0x1c04b05000 of 6024 bytes failed: Only part of a ReadProcessMemory or WriteProcessMemory request was completed. (0x12B)
[0708/170114.284:ERROR:process_memory_win.cc(73)] ReadMemory at 0x1c04b07000 of 6024 bytes failed: Only part of a ReadProcessMemory or WriteProcessMemory request was completed. (0x12B)
[0708/170114.285:ERROR:process_memory_win.cc(73)] ReadMemory at 0x1c04b09000 of 6024 bytes failed: Only part of a ReadProcessMemory or WriteProcessMemory request was completed. (0x12B)
[0708/170114.285:ERROR:process_memory_win.cc(73)] ReadMemory at 0x1c04b0b000 of 6024 bytes failed: Only part of a ReadProcessMemory or WriteProcessMemory request was completed. (0x12B)
[0708/170114.285:ERROR:process_memory_win.cc(73)] ReadMemory at 0x1c04b0d000 of 6024 bytes failed: Only part of a ReadProcessMemory or WriteProcessMemory request was completed. (0x12B)
[0708/170114.285:ERROR:process_memory_win.cc(73)] ReadMemory at 0x1c04b1d000 of 6024 bytes failed: Only part of a ReadProcessMemory or WriteProcessMemory request was completed. (0x12B)
[0708/170114.285:ERROR:process_memory_win.cc(73)] ReadMemory at 0x1c04b1f000 of 6024 bytes failed: Only part of a ReadProcessMemory or WriteProcessMemory request was completed. (0x12B)
[0708/170114.285:ERROR:process_memory_win.cc(73)] ReadMemory at 0x1c04b21000 of 6024 bytes failed: Only part of a ReadProcessMemory or WriteProcessMemory request was completed. (0x12B)
[0708/170114.285:ERROR:process_memory_win.cc(73)] ReadMemory at 0x1c04b2b000 of 6024 bytes failed: Only part of a ReadProcessMemory or WriteProcessMemory request was completed. (0x12B)
[0708/170114.285:ERROR:process_memory_win.cc(73)] ReadMemory at 0x1c04b2f000 of 6024 bytes failed: Only part of a ReadProcessMemory or WriteProcessMemory request was completed. (0x12B)
[0708/170114.285:ERROR:process_memory_win.cc(73)] ReadMemory at 0x1c04b31000 of 6024 bytes failed: Only part of a ReadProcessMemory or WriteProcessMemory request was completed. (0x12B)
[0708/170114.285:ERROR:process_memory_win.cc(73)] ReadMemory at 0x1c04b33000 of 6024 bytes failed: Only part of a ReadProcessMemory or WriteProcessMemory request was completed. (0x12B)
[0708/170114.285:ERROR:process_memory_win.cc(73)] ReadMemory at 0x1c04b35000 of 6024 bytes failed: Only part of a ReadProcessMemory or WriteProcessMemory request was completed. (0x12B)
[0708/170114.285:ERROR:process_memory_win.cc(73)] ReadMemory at 0x1c04b37000 of 6024 bytes failed: Only part of a ReadProcessMemory or WriteProcessMemory request was completed. (0x12B)
[0708/170114.285:ERROR:process_memory_win.cc(73)] ReadMemory at 0x1c04b39000 of 6024 bytes failed: Only part of a ReadProcessMemory or WriteProcessMemory request was completed. (0x12B)
[0708/170114.285:ERROR:process_memory_win.cc(73)] ReadMemory at 0x19417810750 of 80 bytes failed: Only part of a ReadProcessMemory or WriteProcessMemory request was completed. (0x12B)
[0708/170114.285:ERROR:process_memory_win.cc(73)] ReadMemory at 0x19417810ad0 of 1016 bytes failed: Only part of a ReadProcessMemory or WriteProcessMemory request was completed. (0x12B)
[0708/170114.285:ERROR:process_memory_win.cc(73)] ReadMemory at 0x19417810fe0 of 4390 bytes failed: Only part of a ReadProcessMemory or WriteProcessMemory request was completed. (0x12B)
[0708/170114.285:ERROR:process_memory_win.cc(73)] ReadMemory at 0x19417812110 of 1012 bytes failed: Only part of a ReadProcessMemory or WriteProcessMemory request was completed. (0x12B)
[0708/170114.285:ERROR:process_memory_win.cc(73)] ReadMemory at 0x19417812758 of 118 bytes failed: Only part of a ReadProcessMemory or WriteProcessMemory request was completed. (0x12B)
[0708/170114.285:ERROR:process_memory_win.cc(73)] ReadMemory at 0x194178127d0 of 1272 bytes failed: Only part of a ReadProcessMemory or WriteProcessMemory request was completed. (0x12B)
[0708/170114.286:ERROR:process_memory_win.cc(73)] ReadMemory at 0x19417812cca of 118 bytes failed: Only part of a ReadProcessMemory or WriteProcessMemory request was completed. (0x12B)
[0708/170114.286:ERROR:process_memory_win.cc(73)] ReadMemory at 0x19417812d42 of 98 bytes failed: Only part of a ReadProcessMemory or WriteProcessMemory request was completed. (0x12B)
[0708/170114.286:ERROR:process_memory_win.cc(73)] ReadMemory at 0x19417812db0 of 58 bytes failed: Only part of a ReadProcessMemory or WriteProcessMemory request was completed. (0x12B)
[0708/170114.286:ERROR:process_memory_win.cc(73)] ReadMemory at 0x19417812eb0 of 132 bytes failed: Only part of a ReadProcessMemory or WriteProcessMemory request was completed. (0x12B)
[0708/170114.286:ERROR:process_memory_win.cc(73)] ReadMemory at 0x19417813040 of 132 bytes failed: Only part of a ReadProcessMemory or WriteProcessMemory request was completed. (0x12B)
[0708/170114.286:ERROR:process_memory_win.cc(73)] ReadMemory at 0x19417813200 of 126 bytes failed: Only part of a ReadProcessMemory or WriteProcessMemory request was completed. (0x12B)
[0708/170114.286:ERROR:process_memory_win.cc(73)] ReadMemory at 0x194178135e0 of 132 bytes failed: Only part of a ReadProcessMemory or WriteProcessMemory request was completed. (0x12B)
[0708/170114.286:ERROR:process_memory_win.cc(73)] ReadMemory at 0x19417813770 of 64 bytes failed: Only part of a ReadProcessMemory or WriteProcessMemory request was completed. (0x12B)
[0708/170114.286:ERROR:process_memory_win.cc(73)] ReadMemory at 0x194178137c0 of 132 bytes failed: Only part of a ReadProcessMemory or WriteProcessMemory request was completed. (0x12B)
[0708/170114.286:ERROR:process_memory_win.cc(73)] ReadMemory at 0x194178138f0 of 146 bytes failed: Only part of a ReadProcessMemory or WriteProcessMemory request was completed. (0x12B)
[0708/170114.286:ERROR:process_memory_win.cc(73)] ReadMemory at 0x19417813bd0 of 132 bytes failed: Only part of a ReadProcessMemory or WriteProcessMemory request was completed. (0x12B)
[0708/170114.286:ERROR:process_memory_win.cc(73)] ReadMemory at 0x19417813d60 of 68 bytes failed: Only part of a ReadProcessMemory or WriteProcessMemory request was completed. (0x12B)
[0708/170114.286:ERROR:process_memory_win.cc(73)] ReadMemory at 0x19417814fd0 of 132 bytes failed: Only part of a ReadProcessMemory or WriteProcessMemory request was completed. (0x12B)
[0708/170114.286:ERROR:process_memory_win.cc(73)] ReadMemory at 0x19417815100 of 154 bytes failed: Only part of a ReadProcessMemory or WriteProcessMemory request was completed. (0x12B)
[0708/170114.286:ERROR:process_memory_win.cc(73)] ReadMemory at 0x19417815e40 of 60 bytes failed: Only part of a ReadProcessMemory or WriteProcessMemory request was completed. (0x12B)
[0708/170114.286:ERROR:process_memory_win.cc(73)] ReadMemory at 0x19417815eb0 of 62 bytes failed: Only part of a ReadProcessMemory or WriteProcessMemory request was completed. (0x12B)
[0708/170114.286:ERROR:process_memory_win.cc(73)] ReadMemory at 0x19417815f00 of 132 bytes failed: Only part of a ReadProcessMemory or WriteProcessMemory request was completed. (0x12B)
[0708/170114.286:ERROR:process_memory_win.cc(73)] ReadMemory at 0x194178160a0 of 132 bytes failed: Only part of a ReadProcessMemory or WriteProcessMemory request was completed. (0x12B)
[0708/170114.286:ERROR:process_memory_win.cc(73)] ReadMemory at 0x1941781690c of 512 bytes failed: Only part of a ReadProcessMemory or WriteProcessMemory request was completed. (0x12B)
[0708/170114.286:ERROR:process_memory_win.cc(73)] ReadMemory at 0x19417818020 of 132 bytes failed: Only part of a ReadProcessMemory or WriteProcessMemory request was completed. (0x12B)
[0708/170114.286:ERROR:process_memory_win.cc(73)] ReadMemory at 0x19417818470 of 132 bytes failed: Only part of a ReadProcessMemory or WriteProcessMemory request was completed. (0x12B)
[0708/170114.286:ERROR:process_memory_win.cc(73)] ReadMemory at 0x1941781b370 of 64 bytes failed: Only part of a ReadProcessMemory or WriteProcessMemory request was completed. (0x12B)
[0708/170114.287:ERROR:process_memory_win.cc(73)] ReadMemory at 0x1941781b3c0 of 64 bytes failed: Only part of a ReadProcessMemory or WriteProcessMemory request was completed. (0x12B)
[0708/170114.287:ERROR:process_memory_win.cc(73)] ReadMemory at 0x1941781b460 of 60 bytes failed: Only part of a ReadProcessMemory or WriteProcessMemory request was completed. (0x12B)
[0708/170114.287:ERROR:process_memory_win.cc(73)] ReadMemory at 0x1941781b500 of 64 bytes failed: Only part of a ReadProcessMemory or WriteProcessMemory request was completed. (0x12B)
[0708/170114.287:ERROR:process_memory_win.cc(73)] ReadMemory at 0x1941781b550 of 62 bytes failed: Only part of a ReadProcessMemory or WriteProcessMemory request was completed. (0x12B)
[0708/170114.287:ERROR:process_memory_win.cc(73)] ReadMemory at 0x1941781b5a0 of 64 bytes failed: Only part of a ReadProcessMemory or WriteProcessMemory request was completed. (0x12B)
[0708/170114.287:ERROR:process_memory_win.cc(73)] ReadMemory at 0x1941781b910 of 66 bytes failed: Only part of a ReadProcessMemory or WriteProcessMemory request was completed. (0x12B)
[0708/170114.287:ERROR:process_memory_win.cc(73)] ReadMemory at 0x1941781ba00 of 62 bytes failed: Only part of a ReadProcessMemory or WriteProcessMemory request was completed. (0x12B)
[0708/170114.287:ERROR:process_memory_win.cc(73)] ReadMemory at 0x1941781baa0 of 60 bytes failed: Only part of a ReadProcessMemory or WriteProcessMemory request was completed. (0x12B)
[0708/170114.287:ERROR:process_memory_win.cc(73)] ReadMemory at 0x1941781c470 of 132 bytes failed: Only part of a ReadProcessMemory or WriteProcessMemory request was completed. (0x12B)
[0708/170114.287:ERROR:process_memory_win.cc(73)] ReadMemory at 0x1941781c5a0 of 132 bytes failed: Only part of a ReadProcessMemory or WriteProcessMemory request was completed. (0x12B)
[0708/170114.287:ERROR:process_memory_win.cc(73)] ReadMemory at 0x1941781c6d0 of 132 bytes failed: Only part of a ReadProcessMemory or WriteProcessMemory request was completed. (0x12B)
[0708/170114.287:ERROR:process_memory_win.cc(73)] ReadMemory at 0x1941781c930 of 132 bytes failed: Only part of a ReadProcessMemory or WriteProcessMemory request was completed. (0x12B)
[0708/170114.287:ERROR:process_memory_win.cc(73)] ReadMemory at 0x1941781ca60 of 132 bytes failed: Only part of a ReadProcessMemory or WriteProcessMemory request was completed. (0x12B)
[0708/170114.287:ERROR:process_memory_win.cc(73)] ReadMemory at 0x1941781cb90 of 132 bytes failed: Only part of a ReadProcessMemory or WriteProcessMemory request was completed. (0x12B)
[0708/170114.287:ERROR:process_memory_win.cc(73)] ReadMemory at 0x1941781ccc0 of 132 bytes failed: Only part of a ReadProcessMemory or WriteProcessMemory request was completed. (0x12B)
[0708/170114.287:ERROR:process_memory_win.cc(73)] ReadMemory at 0x1941781cdf0 of 132 bytes failed: Only part of a ReadProcessMemory or WriteProcessMemory request was completed. (0x12B)
[0708/170114.287:ERROR:process_memory_win.cc(73)] ReadMemory at 0x1941781cf20 of 132 bytes failed: Only part of a ReadProcessMemory or WriteProcessMemory request was completed. (0x12B)
[0708/170114.287:ERROR:process_memory_win.cc(73)] ReadMemory at 0x1941781d050 of 132 bytes failed: Only part of a ReadProcessMemory or WriteProcessMemory request was completed. (0x12B)
[0708/170114.287:ERROR:process_memory_win.cc(73)] ReadMemory at 0x1941781d180 of 132 bytes failed: Only part of a ReadProcessMemory or WriteProcessMemory request was completed. (0x12B)
[0708/170114.287:ERROR:process_memory_win.cc(73)] ReadMemory at 0x1941781d2b0 of 132 bytes failed: Only part of a ReadProcessMemory or WriteProcessMemory request was completed. (0x12B)
[0708/170114.287:ERROR:process_memory_win.cc(73)] ReadMemory at 0x1941781dda0 of 78 bytes failed: Only part of a ReadProcessMemory or WriteProcessMemory request was completed. (0x12B)
[0708/170114.288:ERROR:process_memory_win.cc(73)] ReadMemory at 0x1941781e460 of 80 bytes failed: Only part of a ReadProcessMemory or WriteProcessMemory request was completed. (0x12B)
[0708/170114.288:ERROR:process_memory_win.cc(73)] ReadMemory at 0x1941781e640 of 76 bytes failed: Only part of a ReadProcessMemory or WriteProcessMemory request was completed. (0x12B)
[0708/170114.288:ERROR:process_memory_win.cc(73)] ReadMemory at 0x1941781fa40 of 132 bytes failed: Only part of a ReadProcessMemory or WriteProcessMemory request was completed. (0x12B)
[0708/170114.288:ERROR:process_memory_win.cc(73)] ReadMemory at 0x19417820080 of 132 bytes failed: Only part of a ReadProcessMemory or WriteProcessMemory request was completed. (0x12B)
[0708/170114.288:ERROR:process_memory_win.cc(73)] ReadMemory at 0x19417823d50 of 54 bytes failed: Only part of a ReadProcessMemory or WriteProcessMemory request was completed. (0x12B)
[0708/170114.288:ERROR:process_memory_win.cc(73)] ReadMemory at 0x19417824590 of 132 bytes failed: Only part of a ReadProcessMemory or WriteProcessMemory request was completed. (0x12B)
[0708/170114.288:ERROR:process_memory_win.cc(73)] ReadMemory at 0x194178246c0 of 132 bytes failed: Only part of a ReadProcessMemory or WriteProcessMemory request was completed. (0x12B)
[0708/170114.288:ERROR:process_memory_win.cc(73)] ReadMemory at 0x194178247f0 of 132 bytes failed: Only part of a ReadProcessMemory or WriteProcessMemory request was completed. (0x12B)
[0708/170114.288:ERROR:process_memory_win.cc(73)] ReadMemory at 0x19417824b50 of 132 bytes failed: Only part of a ReadProcessMemory or WriteProcessMemory request was completed. (0x12B)
[0708/170114.288:ERROR:process_memory_win.cc(73)] ReadMemory at 0x19417824d60 of 132 bytes failed: Only part of a ReadProcessMemory or WriteProcessMemory request was completed. (0x12B)
[0708/170114.288:ERROR:process_memory_win.cc(73)] ReadMemory at 0x19417825310 of 60 bytes failed: Only part of a ReadProcessMemory or WriteProcessMemory request was completed. (0x12B)
[0708/170114.288:ERROR:process_memory_win.cc(73)] ReadMemory at 0x19417825360 of 64 bytes failed: Only part of a ReadProcessMemory or WriteProcessMemory request was completed. (0x12B)
[0708/170114.288:ERROR:process_memory_win.cc(73)] ReadMemory at 0x194178253b0 of 62 bytes failed: Only part of a ReadProcessMemory or WriteProcessMemory request was completed. (0x12B)
[0708/170114.288:ERROR:process_memory_win.cc(73)] ReadMemory at 0x19417825450 of 62 bytes failed: Only part of a ReadProcessMemory or WriteProcessMemory request was completed. (0x12B)
[0708/170114.288:ERROR:process_memory_win.cc(73)] ReadMemory at 0x194178254f0 of 64 bytes failed: Only part of a ReadProcessMemory or WriteProcessMemory request was completed. (0x12B)
[0708/170114.288:ERROR:process_memory_win.cc(73)] ReadMemory at 0x19417825540 of 62 bytes failed: Only part of a ReadProcessMemory or WriteProcessMemory request was completed. (0x12B)
[0708/170114.288:ERROR:process_memory_win.cc(73)] ReadMemory at 0x19417825630 of 62 bytes failed: Only part of a ReadProcessMemory or WriteProcessMemory request was completed. (0x12B)
[0708/170114.288:ERROR:process_memory_win.cc(73)] ReadMemory at 0x19417825680 of 62 bytes failed: Only part of a ReadProcessMemory or WriteProcessMemory request was completed. (0x12B)
[0708/170114.288:ERROR:process_memory_win.cc(73)] ReadMemory at 0x19417825720 of 64 bytes failed: Only part of a ReadProcessMemory or WriteProcessMemory request was completed. (0x12B)
[0708/170114.288:ERROR:process_memory_win.cc(73)] ReadMemory at 0x19417825770 of 60 bytes failed: Only part of a ReadProcessMemory or WriteProcessMemory request was completed. (0x12B)
[0708/170114.289:ERROR:process_memory_win.cc(73)] ReadMemory at 0x194178257c0 of 62 bytes failed: Only part of a ReadProcessMemory or WriteProcessMemory request was completed. (0x12B)
[0708/170114.289:ERROR:process_memory_win.cc(73)] ReadMemory at 0x19417825950 of 66 bytes failed: Only part of a ReadProcessMemory or WriteProcessMemory request was completed. (0x12B)
[0708/170114.289:ERROR:process_memory_win.cc(73)] ReadMemory at 0x19417825b30 of 58 bytes failed: Only part of a ReadProcessMemory or WriteProcessMemory request was completed. (0x12B)
[0708/170114.289:ERROR:process_memory_win.cc(73)] ReadMemory at 0x19417825c20 of 60 bytes failed: Only part of a ReadProcessMemory or WriteProcessMemory request was completed. (0x12B)
[0708/170114.289:ERROR:process_memory_win.cc(73)] ReadMemory at 0x19417825c70 of 62 bytes failed: Only part of a ReadProcessMemory or WriteProcessMemory request was completed. (0x12B)
[0708/170114.289:ERROR:process_memory_win.cc(73)] ReadMemory at 0x19417825cc0 of 62 bytes failed: Only part of a ReadProcessMemory or WriteProcessMemory request was completed. (0x12B)
[0708/170114.289:ERROR:process_memory_win.cc(73)] ReadMemory at 0x19417825ea0 of 60 bytes failed: Only part of a ReadProcessMemory or WriteProcessMemory request was completed. (0x12B)
[0708/170114.289:ERROR:process_memory_win.cc(73)] ReadMemory at 0x19417825ef0 of 64 bytes failed: Only part of a ReadProcessMemory or WriteProcessMemory request was completed. (0x12B)
[0708/170114.289:ERROR:process_memory_win.cc(73)] ReadMemory at 0x19417826030 of 62 bytes failed: Only part of a ReadProcessMemory or WriteProcessMemory request was completed. (0x12B)
[0708/170114.289:ERROR:process_memory_win.cc(73)] ReadMemory at 0x19417826940 of 132 bytes failed: Only part of a ReadProcessMemory or WriteProcessMemory request was completed. (0x12B)
[0708/170114.289:ERROR:process_memory_win.cc(73)] ReadMemory at 0x19417826a70 of 132 bytes failed: Only part of a ReadProcessMemory or WriteProcessMemory request was completed. (0x12B)
[0708/170114.289:ERROR:process_memory_win.cc(73)] ReadMemory at 0x19417826ba0 of 132 bytes failed: Only part of a ReadProcessMemory or WriteProcessMemory request was completed. (0x12B)
[0708/170114.289:ERROR:process_memory_win.cc(73)] ReadMemory at 0x19417826cd0 of 132 bytes failed: Only part of a ReadProcessMemory or WriteProcessMemory request was completed. (0x12B)
[0708/170114.289:ERROR:process_memory_win.cc(73)] ReadMemory at 0x19417826e00 of 132 bytes failed: Only part of a ReadProcessMemory or WriteProcessMemory request was completed. (0x12B)
[0708/170114.289:ERROR:process_memory_win.cc(73)] ReadMemory at 0x19417826f30 of 132 bytes failed: Only part of a ReadProcessMemory or WriteProcessMemory request was completed. (0x12B)
[0708/170114.289:ERROR:process_memory_win.cc(73)] ReadMemory at 0x19417827060 of 132 bytes failed: Only part of a ReadProcessMemory or WriteProcessMemory request was completed. (0x12B)
[0708/170114.289:ERROR:process_memory_win.cc(73)] ReadMemory at 0x194178273f0 of 132 bytes failed: Only part of a ReadProcessMemory or WriteProcessMemory request was completed. (0x12B)
[0708/170114.289:ERROR:process_memory_win.cc(73)] ReadMemory at 0x19417827520 of 132 bytes failed: Only part of a ReadProcessMemory or WriteProcessMemory request was completed. (0x12B)
[0708/170114.289:ERROR:process_memory_win.cc(73)] ReadMemory at 0x19417827650 of 132 bytes failed: Only part of a ReadProcessMemory or WriteProcessMemory request was completed. (0x12B)
[0708/170114.289:ERROR:process_memory_win.cc(73)] ReadMemory at 0x19417827780 of 132 bytes failed: Only part of a ReadProcessMemory or WriteProcessMemory request was completed. (0x12B)
[0708/170114.289:ERROR:process_memory_win.cc(73)] ReadMemory at 0x19417827c40 of 132 bytes failed: Only part of a ReadProcessMemory or WriteProcessMemory request was completed. (0x12B)
[0708/170114.289:ERROR:process_memory_win.cc(73)] ReadMemory at 0x19417827d70 of 132 bytes failed: Only part of a ReadProcessMemory or WriteProcessMemory request was completed. (0x12B)
[0708/170114.290:ERROR:process_memory_win.cc(73)] ReadMemory at 0x19417827ea0 of 132 bytes failed: Only part of a ReadProcessMemory or WriteProcessMemory request was completed. (0x12B)
[0708/170114.290:ERROR:process_memory_win.cc(73)] ReadMemory at 0x19417827fd0 of 132 bytes failed: Only part of a ReadProcessMemory or WriteProcessMemory request was completed. (0x12B)
[0708/170114.290:ERROR:process_memory_win.cc(73)] ReadMemory at 0x19417828100 of 132 bytes failed: Only part of a ReadProcessMemory or WriteProcessMemory request was completed. (0x12B)
[0708/170114.290:ERROR:process_memory_win.cc(73)] ReadMemory at 0x19417828230 of 132 bytes failed: Only part of a ReadProcessMemory or WriteProcessMemory request was completed. (0x12B)
[0708/170114.290:ERROR:process_memory_win.cc(73)] ReadMemory at 0x19417828360 of 132 bytes failed: Only part of a ReadProcessMemory or WriteProcessMemory request was completed. (0x12B)
[0708/170114.290:ERROR:process_memory_win.cc(73)] ReadMemory at 0x19417828490 of 132 bytes failed: Only part of a ReadProcessMemory or WriteProcessMemory request was completed. (0x12B)
[0708/170114.290:ERROR:process_memory_win.cc(73)] ReadMemory at 0x194178285c0 of 132 bytes failed: Only part of a ReadProcessMemory or WriteProcessMemory request was completed. (0x12B)
[0708/170114.290:ERROR:process_memory_win.cc(73)] ReadMemory at 0x194178286f0 of 132 bytes failed: Only part of a ReadProcessMemory or WriteProcessMemory request was completed. (0x12B)
[0708/170114.290:ERROR:process_memory_win.cc(73)] ReadMemory at 0x1941783b550 of 60 bytes failed: Only part of a ReadProcessMemory or WriteProcessMemory request was completed. (0x12B)
[0708/170114.290:ERROR:process_memory_win.cc(73)] ReadMemory at 0x1941783b5f0 of 58 bytes failed: Only part of a ReadProcessMemory or WriteProcessMemory request was completed. (0x12B)
[0708/170114.290:ERROR:process_memory_win.cc(73)] ReadMemory at 0x1941783baa0 of 58 bytes failed: Only part of a ReadProcessMemory or WriteProcessMemory request was completed. (0x12B)
[0708/170114.290:ERROR:process_memory_win.cc(73)] ReadMemory at 0x1941783baf0 of 62 bytes failed: Only part of a ReadProcessMemory or WriteProcessMemory request was completed. (0x12B)
[0708/170114.290:ERROR:process_memory_win.cc(73)] ReadMemory at 0x1941783bc30 of 64 bytes failed: Only part of a ReadProcessMemory or WriteProcessMemory request was completed. (0x12B)
[0708/170114.290:ERROR:process_memory_win.cc(73)] ReadMemory at 0x1941783bcd0 of 60 bytes failed: Only part of a ReadProcessMemory or WriteProcessMemory request was completed. (0x12B)
[0708/170114.290:ERROR:process_memory_win.cc(73)] ReadMemory at 0x1941783bd20 of 62 bytes failed: Only part of a ReadProcessMemory or WriteProcessMemory request was completed. (0x12B)
[0708/170114.290:ERROR:process_memory_win.cc(73)] ReadMemory at 0x1941783c1d0 of 58 bytes failed: Only part of a ReadProcessMemory or WriteProcessMemory request was completed. (0x12B)
[0708/170114.290:ERROR:process_memory_win.cc(73)] ReadMemory at 0x1941783c2c0 of 66 bytes failed: Only part of a ReadProcessMemory or WriteProcessMemory request was completed. (0x12B)
[0708/170114.290:ERROR:process_memory_win.cc(73)] ReadMemory at 0x194178449b0 of 512 bytes failed: Only part of a ReadProcessMemory or WriteProcessMemory request was completed. (0x12B)
[0708/170114.290:ERROR:process_memory_win.cc(73)] ReadMemory at 0x19417844d30 of 512 bytes failed: Only part of a ReadProcessMemory or WriteProcessMemory request was completed. (0x12B)
[0708/170114.290:ERROR:process_memory_win.cc(73)] ReadMemory at 0x1941784a470 of 512 bytes failed: Only part of a ReadProcessMemory or WriteProcessMemory request was completed. (0x12B)
[0708/170114.291:ERROR:process_memory_win.cc(73)] ReadMemory at 0x1941784ac40 of 512 bytes failed: Only part of a ReadProcessMemory or WriteProcessMemory request was completed. (0x12B)
[0708/170114.291:ERROR:process_memory_win.cc(73)] ReadMemory at 0x1941784af50 of 512 bytes failed: Only part of a ReadProcessMemory or WriteProcessMemory request was completed. (0x12B)
[0708/170114.291:ERROR:process_memory_win.cc(73)] ReadMemory at 0x19417b60000 of 384 bytes failed: Only part of a ReadProcessMemory or WriteProcessMemory request was completed. (0x12B)
[0708/170114.291:ERROR:process_memory_win.cc(73)] ReadMemory at 0x19417b61a80 of 512 bytes failed: Only part of a ReadProcessMemory or WriteProcessMemory request was completed. (0x12B)
[0708/170114.291:ERROR:process_memory_win.cc(73)] ReadMemory at 0x19417b61f00 of 512 bytes failed: Only part of a ReadProcessMemory or WriteProcessMemory request was completed. (0x12B)
[0708/170114.291:ERROR:process_memory_win.cc(73)] ReadMemory at 0x19417fd8ed0 of 512 bytes failed: Only part of a ReadProcessMemory or WriteProcessMemory request was completed. (0x12B)
[0708/170114.291:ERROR:process_memory_win.cc(73)] ReadMemory at 0x19417fe2bf0 of 512 bytes failed: Only part of a ReadProcessMemory or WriteProcessMemory request was completed. (0x12B)
[0708/170114.291:ERROR:process_memory_win.cc(73)] ReadMemory at 0x19417ffea50 of 512 bytes failed: Only part of a ReadProcessMemory or WriteProcessMemory request was completed. (0x12B)
[0708/170114.291:ERROR:process_memory_win.cc(73)] ReadMemory at 0x19418002370 of 688 bytes failed: Only part of a ReadProcessMemory or WriteProcessMemory request was completed. (0x12B)
[0708/170114.291:ERROR:process_memory_win.cc(73)] ReadMemory at 0x19418089e10 of 512 bytes failed: Only part of a ReadProcessMemory or WriteProcessMemory request was completed. (0x12B)
[0708/170114.291:ERROR:process_memory_win.cc(73)] ReadMemory at 0x1941808ad10 of 512 bytes failed: Only part of a ReadProcessMemory or WriteProcessMemory request was completed. (0x12B)
[0708/170114.291:ERROR:process_memory_win.cc(73)] ReadMemory at 0x194180c0000 of 384 bytes failed: Only part of a ReadProcessMemory or WriteProcessMemory request was completed. (0x12B)
[0708/170114.291:ERROR:process_memory_win.cc(73)] ReadMemory at 0x19424565f80 of 512 bytes failed: Only part of a ReadProcessMemory or WriteProcessMemory request was completed. (0x12B)
[0708/170114.291:ERROR:process_memory_win.cc(73)] ReadMemory at 0x194245bdf80 of 512 bytes failed: Only part of a ReadProcessMemory or WriteProcessMemory request was completed. (0x12B)
[0708/170114.292:ERROR:process_memory_win.cc(73)] ReadMemory at 0x19424615f80 of 512 bytes failed: Only part of a ReadProcessMemory or WriteProcessMemory request was completed. (0x12B)
[0708/170114.292:ERROR:process_memory_win.cc(73)] ReadMemory at 0x1942e0e0000 of 448 bytes failed: Only part of a ReadProcessMemory or WriteProcessMemory request was completed. (0x12B)
[0708/170114.292:ERROR:process_memory_win.cc(73)] ReadMemory at 0x1942e137360 of 512 bytes failed: Only part of a ReadProcessMemory or WriteProcessMemory request was completed. (0x12B)
[0708/170114.292:ERROR:process_memory_win.cc(73)] ReadMemory at 0x1942e89f150 of 512 bytes failed: Only part of a ReadProcessMemory or WriteProcessMemory request was completed. (0x12B)
[0708/170114.292:ERROR:process_memory_win.cc(73)] ReadMemory at 0x194304922c0 of 528 bytes failed: Only part of a ReadProcessMemory or WriteProcessMemory request was completed. (0x12B)
[0708/170114.292:ERROR:process_memory_win.cc(73)] ReadMemory at 0x5c2608040000 of 384 bytes failed: Only part of a ReadProcessMemory or WriteProcessMemory request was completed. (0x12B)
[0708/170114.292:ERROR:process_memory_win.cc(73)] ReadMemory at 0x5c26081bbfd5 of 512 bytes failed: Only part of a ReadProcessMemory or WriteProcessMemory request was completed. (0x12B)
[0708/170114.292:ERROR:process_memory_win.cc(73)] ReadMemory at 0x5c260a74f709 of 512 bytes failed: Only part of a ReadProcessMemory or WriteProcessMemory request was completed. (0x12B)
[0708/170114.292:ERROR:process_memory_win.cc(73)] ReadMemory at 0x5c260a8dc2f9 of 512 bytes failed: Only part of a ReadProcessMemory or WriteProcessMemory request was completed. (0x12B)
[0708/170114.292:ERROR:process_memory_win.cc(73)] ReadMemory at 0x7ffedad5b3b0 of 512 bytes failed: Only part of a ReadProcessMemory or WriteProcessMemory request was completed. (0x12B)
[0708/170114.292:ERROR:process_memory_win.cc(73)] ReadMemory at 0x7ffedb083290 of 512 bytes failed: Only part of a ReadProcessMemory or WriteProcessMemory request was completed. (0x12B)
[0708/170114.292:ERROR:process_memory_win.cc(73)] ReadMemory at 0x7ffedc222ed8 of 512 bytes failed: Only part of a ReadProcessMemory or WriteProcessMemory request was completed. (0x12B)
[0708/170114.292:ERROR:process_memory_win.cc(73)] ReadMemory at 0x7ffee11b5940 of 512 bytes failed: Only part of a ReadProcessMemory or WriteProcessMemory request was completed. (0x12B)
[0708/170114.292:ERROR:process_memory_win.cc(73)] ReadMemory at 0x7fff554aa719 of 512 bytes failed: Only part of a ReadProcessMemory or WriteProcessMemory request was completed. (0x12B)
[0708/170114.292:ERROR:process_memory_win.cc(73)] ReadMemory at 0x7fff556dc6e0 of 512 bytes failed: Only part of a ReadProcessMemory or WriteProcessMemory request was completed. (0x12B)
[0708/170114.292:ERROR:process_memory_win.cc(73)] ReadMemory at 0x7fff579fc074 of 672 bytes failed: Only part of a ReadProcessMemory or WriteProcessMemory request was completed. (0x12B)
[0708/170114.292:ERROR:process_memory_win.cc(73)] ReadMemory at 0x7fff579fc674 of 512 bytes failed: Only part of a ReadProcessMemory or WriteProcessMemory request was completed. (0x12B)
[0708/170114.292:ERROR:process_memory_win.cc(73)] ReadMemory at 0x7fff579ff924 of 608 bytes failed: Only part of a ReadProcessMemory or WriteProcessMemory request was completed. (0x12B)
[0708/170114.292:ERROR:process_memory_win.cc(73)] ReadMemory at 0x7fff57a05f46 of 512 bytes failed: Only part of a ReadProcessMemory or WriteProcessMemory request was completed. (0x12B)
[0708/170114.292:ERROR:process_memory_win.cc(73)] ReadMemory at 0x7fff57a8c428 of 18 bytes failed: Only part of a ReadProcessMemory or WriteProcessMemory request was completed. (0x12B)
[0708/170114.293:ERROR:process_memory_win.cc(73)] ReadMemory at 0x7fff57abf4f8 of 40 bytes failed: Only part of a ReadProcessMemory or WriteProcessMemory request was completed. (0x12B)
[0708/170114.293:ERROR:process_memory_win.cc(73)] ReadMemory at 0x7fff57abf978 of 48 bytes failed: Only part of a ReadProcessMemory or WriteProcessMemory request was completed. (0x12B)
[0708/170114.293:ERROR:process_memory_win.cc(73)] ReadMemory at 0x7fff57ac53c0 of 64 bytes failed: Only part of a ReadProcessMemory or WriteProcessMemory request was completed. (0x12B)
[0708/170114.294:ERROR:scoped_process_suspend.cc(40)] NtResumeProcess: An attempt was made to access an exiting process. (0xc000010a)
